<?xml version="1.0" encoding="UTF-8"?>
<!-- Generated by org.testng.reporters.JUnitReportReporter -->
<testsuite hostname="LAPTOP-95NO9S2C" failures="0" tests="1" name="kdf.Application" time="21.212" errors="0" timestamp="2021-05-25T09:30:24 IST" skipped="0">
  <testcase classname="kdf.Application" name="verifyInvalidLogin" time="21.212"/>
  <system-out/>
</testsuite> <!-- kdf.Application -->
